[2022-10-23T07:15:17.763-0400][0.017s] CardTable entry size: 512
[2022-10-23T07:15:17.763-0400][0.017s] Using G1
[2022-10-23T07:15:17.943-0400][0.183s] Version: 18.0.1.1+2-6 (release)
[2022-10-23T07:15:17.943-0400][0.183s] CPUs: 8 total, 8 available
[2022-10-23T07:15:17.943-0400][0.183s] Memory: 7987M
[2022-10-23T07:15:17.943-0400][0.183s] Large Page Support: Disabled
[2022-10-23T07:15:17.943-0400][0.183s] NUMA Support: Disabled
[2022-10-23T07:15:17.943-0400][0.183s] Compressed Oops: Enabled (32-bit)
[2022-10-23T07:15:17.943-0400][0.183s] Heap Region Size: 1M
[2022-10-23T07:15:17.943-0400][0.183s] Heap Min Capacity: 512M
[2022-10-23T07:15:17.943-0400][0.183s] Heap Initial Capacity: 512M
[2022-10-23T07:15:17.943-0400][0.183s] Heap Max Capacity: 512M
[2022-10-23T07:15:17.943-0400][0.184s] Pre-touch: Enabled
[2022-10-23T07:15:17.943-0400][0.184s] Parallel Workers: 8
[2022-10-23T07:15:17.943-0400][0.184s] Concurrent Workers: 2
[2022-10-23T07:15:17.943-0400][0.184s] Concurrent Refinement Workers: 8
[2022-10-23T07:15:17.943-0400][0.184s] Periodic GC: Disabled
[2022-10-23T07:15:17.943-0400][0.184s] CDS archive(s) mapped at: [0x0000000800000000-0x0000000800ba0000-0x0000000800ba0000), size 12189696, SharedBaseAddress: 0x0000000800000000, ArchiveRelocationMode: 0.
[2022-10-23T07:15:17.943-0400][0.184s] Compressed class space mapped at: 0x0000000800c00000-0x0000000840c00000, reserved size: 1073741824
[2022-10-23T07:15:17.943-0400][0.184s] Narrow klass base: 0x0000000800000000, Narrow klass shift: 0, Narrow klass range: 0x100000000
[2022-10-23T07:15:24.041-0400][6.280s] GC(0) Pause Young (Normal) (G1 Evacuation Pause)
[2022-10-23T07:15:24.041-0400][6.281s] GC(0) Using 8 workers of 8 for evacuation
[2022-10-23T07:15:24.045-0400][6.285s] GC(0)   Pre Evacuate Collection Set: 0.1ms
[2022-10-23T07:15:24.045-0400][6.285s] GC(0)   Merge Heap Roots: 0.0ms
[2022-10-23T07:15:24.045-0400][6.285s] GC(0)   Evacuate Collection Set: 3.4ms
[2022-10-23T07:15:24.045-0400][6.285s] GC(0)   Post Evacuate Collection Set: 0.5ms
[2022-10-23T07:15:24.045-0400][6.285s] GC(0)   Other: 0.5ms
[2022-10-23T07:15:24.045-0400][6.285s] GC(0) Eden regions: 29->0(40)
[2022-10-23T07:15:24.045-0400][6.285s] GC(0) Survivor regions: 0->4(4)
[2022-10-23T07:15:24.045-0400][6.285s] GC(0) Old regions: 0->1
[2022-10-23T07:15:24.045-0400][6.285s] GC(0) Archive regions: 0->0
[2022-10-23T07:15:24.045-0400][6.285s] GC(0) Humongous regions: 0->0
[2022-10-23T07:15:24.046-0400][6.285s] GC(0) Metaspace: 9529K(9728K)->9529K(9728K) NonClass: 8452K(8576K)->8452K(8576K) Class: 1076K(1152K)->1076K(1152K)
[2022-10-23T07:15:24.046-0400][6.285s] GC(0) Pause Young (Normal) (G1 Evacuation Pause) 29M->4M(512M) 4.939ms
[2022-10-23T07:15:24.046-0400][6.285s] GC(0) User=0.00s Sys=0.00s Real=0.01s
[2022-10-23T07:15:24.973-0400][7.218s] GC(1) Pause Young (Normal) (G1 Evacuation Pause)
[2022-10-23T07:15:24.973-0400][7.218s] GC(1) Using 8 workers of 8 for evacuation
[2022-10-23T07:15:24.987-0400][7.226s] GC(1)   Pre Evacuate Collection Set: 0.1ms
[2022-10-23T07:15:24.987-0400][7.226s] GC(1)   Merge Heap Roots: 0.0ms
[2022-10-23T07:15:24.987-0400][7.226s] GC(1)   Evacuate Collection Set: 6.8ms
[2022-10-23T07:15:24.987-0400][7.226s] GC(1)   Post Evacuate Collection Set: 0.8ms
[2022-10-23T07:15:24.987-0400][7.226s] GC(1)   Other: 0.1ms
[2022-10-23T07:15:24.987-0400][7.226s] GC(1) Eden regions: 38->0(68)
[2022-10-23T07:15:24.987-0400][7.226s] GC(1) Survivor regions: 4->6(6)
[2022-10-23T07:15:24.987-0400][7.226s] GC(1) Old regions: 1->8
[2022-10-23T07:15:24.987-0400][7.226s] GC(1) Archive regions: 0->0
[2022-10-23T07:15:24.987-0400][7.226s] GC(1) Humongous regions: 4->4
[2022-10-23T07:15:24.987-0400][7.226s] GC(1) Metaspace: 16376K(16768K)->16376K(16768K) NonClass: 14495K(14720K)->14495K(14720K) Class: 1881K(2048K)->1881K(2048K)
[2022-10-23T07:15:24.987-0400][7.227s] GC(1) Pause Young (Normal) (G1 Evacuation Pause) 46M->17M(512M) 8.130ms
[2022-10-23T07:15:24.987-0400][7.227s] GC(1) User=0.05s Sys=0.02s Real=0.01s
[2022-10-23T07:15:26.038-0400][8.277s] GC(2) Pause Young (Normal) (G1 Evacuation Pause)
[2022-10-23T07:15:26.038-0400][8.277s] GC(2) Using 8 workers of 8 for evacuation
[2022-10-23T07:15:26.043-0400][8.282s] GC(2)   Pre Evacuate Collection Set: 0.1ms
[2022-10-23T07:15:26.043-0400][8.282s] GC(2)   Merge Heap Roots: 0.1ms
[2022-10-23T07:15:26.043-0400][8.282s] GC(2)   Evacuate Collection Set: 3.9ms
[2022-10-23T07:15:26.043-0400][8.282s] GC(2)   Post Evacuate Collection Set: 0.7ms
[2022-10-23T07:15:26.043-0400][8.282s] GC(2)   Other: 0.1ms
[2022-10-23T07:15:26.043-0400][8.282s] GC(2) Eden regions: 68->0(302)
[2022-10-23T07:15:26.043-0400][8.282s] GC(2) Survivor regions: 6->5(10)
[2022-10-23T07:15:26.043-0400][8.282s] GC(2) Old regions: 8->15
[2022-10-23T07:15:26.043-0400][8.282s] GC(2) Archive regions: 0->0
[2022-10-23T07:15:26.043-0400][8.282s] GC(2) Humongous regions: 4->4
[2022-10-23T07:15:26.043-0400][8.282s] GC(2) Metaspace: 20526K(20928K)->20526K(20928K) NonClass: 18235K(18432K)->18235K(18432K) Class: 2291K(2496K)->2291K(2496K)
[2022-10-23T07:15:26.043-0400][8.282s] GC(2) Pause Young (Normal) (G1 Evacuation Pause) 85M->23M(512M) 5.298ms
[2022-10-23T07:15:26.043-0400][8.282s] GC(2) User=0.00s Sys=0.00s Real=0.00s
[2022-10-23T07:15:26.113-0400][8.353s] GC(3) Pause Young (Concurrent Start) (Metadata GC Threshold)
[2022-10-23T07:15:26.113-0400][8.353s] GC(3) Using 8 workers of 8 for evacuation
[2022-10-23T07:15:26.115-0400][8.355s] GC(3)   Pre Evacuate Collection Set: 0.1ms
[2022-10-23T07:15:26.115-0400][8.355s] GC(3)   Merge Heap Roots: 0.0ms
[2022-10-23T07:15:26.115-0400][8.355s] GC(3)   Evacuate Collection Set: 1.0ms
[2022-10-23T07:15:26.115-0400][8.355s] GC(3)   Post Evacuate Collection Set: 0.4ms
[2022-10-23T07:15:26.115-0400][8.355s] GC(3)   Other: 0.6ms
[2022-10-23T07:15:26.115-0400][8.355s] GC(3) Eden regions: 5->0(302)
[2022-10-23T07:15:26.115-0400][8.355s] GC(3) Survivor regions: 5->5(39)
[2022-10-23T07:15:26.115-0400][8.355s] GC(3) Old regions: 15->15
[2022-10-23T07:15:26.115-0400][8.355s] GC(3) Archive regions: 0->0
[2022-10-23T07:15:26.115-0400][8.355s] GC(3) Humongous regions: 4->4
[2022-10-23T07:15:26.115-0400][8.355s] GC(3) Metaspace: 21098K(21504K)->21098K(21504K) NonClass: 18755K(18944K)->18755K(18944K) Class: 2343K(2560K)->2343K(2560K)
[2022-10-23T07:15:26.115-0400][8.356s] GC(3) Pause Young (Concurrent Start) (Metadata GC Threshold) 28M->23M(512M) 2.494ms
[2022-10-23T07:15:26.115-0400][8.356s] GC(3) User=0.06s Sys=0.00s Real=0.00s
[2022-10-23T07:15:26.115-0400][8.356s] GC(4) Concurrent Mark Cycle
[2022-10-23T07:15:26.116-0400][8.356s] GC(4) Concurrent Clear Claimed Marks
[2022-10-23T07:15:26.116-0400][8.356s] GC(4) Concurrent Clear Claimed Marks 0.036ms
[2022-10-23T07:15:26.116-0400][8.356s] GC(4) Concurrent Scan Root Regions
[2022-10-23T07:15:26.116-0400][8.357s] GC(4) Concurrent Scan Root Regions 0.830ms
[2022-10-23T07:15:26.117-0400][8.357s] GC(4) Concurrent Mark
[2022-10-23T07:15:26.117-0400][8.357s] GC(4) Concurrent Mark From Roots
[2022-10-23T07:15:26.117-0400][8.357s] GC(4) Using 2 workers of 2 for marking
[2022-10-23T07:15:26.130-0400][8.370s] GC(4) Concurrent Mark From Roots 13.382ms
[2022-10-23T07:15:26.130-0400][8.370s] GC(4) Concurrent Preclean
[2022-10-23T07:15:26.130-0400][8.370s] GC(4) Concurrent Preclean 0.103ms
[2022-10-23T07:15:26.130-0400][8.370s] GC(4) Pause Remark
[2022-10-23T07:15:26.135-0400][8.374s] GC(4) Pause Remark 25M->25M(512M) 3.935ms
[2022-10-23T07:15:26.135-0400][8.374s] GC(4) User=0.05s Sys=0.00s Real=0.00s
[2022-10-23T07:15:26.135-0400][8.374s] GC(4) Concurrent Mark 17.774ms
[2022-10-23T07:15:26.135-0400][8.374s] GC(4) Concurrent Rebuild Remembered Sets
[2022-10-23T07:15:26.139-0400][8.379s] GC(4) Concurrent Rebuild Remembered Sets 5.061ms
[2022-10-23T07:15:26.140-0400][8.380s] GC(4) Pause Cleanup
[2022-10-23T07:15:26.140-0400][8.380s] GC(4) Pause Cleanup 25M->25M(512M) 0.075ms
[2022-10-23T07:15:26.140-0400][8.380s] GC(4) User=0.00s Sys=0.00s Real=0.00s
[2022-10-23T07:15:26.140-0400][8.380s] GC(4) Concurrent Cleanup for Next Mark
[2022-10-23T07:15:26.140-0400][8.380s] GC(4) Concurrent Cleanup for Next Mark 0.705ms
[2022-10-23T07:15:26.140-0400][8.380s] GC(4) Concurrent Mark Cycle 24.939ms
[2022-10-23T07:15:47.675-0400][29.920s] GC(5) Pause Young (Concurrent Start) (Metadata GC Threshold)
[2022-10-23T07:15:47.675-0400][29.920s] GC(5) Using 8 workers of 8 for evacuation
[2022-10-23T07:15:47.675-0400][29.930s] GC(5)   Pre Evacuate Collection Set: 0.2ms
[2022-10-23T07:15:47.675-0400][29.930s] GC(5)   Merge Heap Roots: 0.1ms
[2022-10-23T07:15:47.675-0400][29.930s] GC(5)   Evacuate Collection Set: 8.3ms
[2022-10-23T07:15:47.675-0400][29.930s] GC(5)   Post Evacuate Collection Set: 1.1ms
[2022-10-23T07:15:47.675-0400][29.930s] GC(5)   Other: 0.1ms
[2022-10-23T07:15:47.675-0400][29.930s] GC(5) Eden regions: 153->0(295)
[2022-10-23T07:15:47.675-0400][29.930s] GC(5) Survivor regions: 5->12(39)
[2022-10-23T07:15:47.675-0400][29.930s] GC(5) Old regions: 15->15
[2022-10-23T07:15:47.675-0400][29.930s] GC(5) Archive regions: 0->0
[2022-10-23T07:15:47.691-0400][29.930s] GC(5) Humongous regions: 5->4
[2022-10-23T07:15:47.691-0400][29.930s] GC(5) Metaspace: 35999K(36416K)->35999K(36416K) NonClass: 31813K(32000K)->31813K(32000K) Class: 4186K(4416K)->4186K(4416K)
[2022-10-23T07:15:47.691-0400][29.930s] GC(5) Pause Young (Concurrent Start) (Metadata GC Threshold) 177M->30M(512M) 10.438ms
[2022-10-23T07:15:47.691-0400][29.930s] GC(5) User=0.02s Sys=0.00s Real=0.02s
[2022-10-23T07:15:47.691-0400][29.930s] GC(6) Concurrent Mark Cycle
[2022-10-23T07:15:47.691-0400][29.930s] GC(6) Concurrent Clear Claimed Marks
[2022-10-23T07:15:47.691-0400][29.931s] GC(6) Concurrent Clear Claimed Marks 0.062ms
[2022-10-23T07:15:47.691-0400][29.931s] GC(6) Concurrent Scan Root Regions
[2022-10-23T07:15:47.691-0400][29.938s] GC(6) Concurrent Scan Root Regions 7.552ms
[2022-10-23T07:15:47.691-0400][29.938s] GC(6) Concurrent Mark
[2022-10-23T07:15:47.691-0400][29.938s] GC(6) Concurrent Mark From Roots
[2022-10-23T07:15:47.691-0400][29.938s] GC(6) Using 2 workers of 2 for marking
[2022-10-23T07:15:47.722-0400][29.963s] GC(6) Concurrent Mark From Roots 24.706ms
[2022-10-23T07:15:47.724-0400][29.963s] GC(6) Concurrent Preclean
[2022-10-23T07:15:47.724-0400][29.963s] GC(6) Concurrent Preclean 0.117ms
[2022-10-23T07:15:47.724-0400][29.963s] GC(6) Pause Remark
[2022-10-23T07:15:47.724-0400][29.967s] GC(6) Pause Remark 33M->33M(512M) 3.556ms
[2022-10-23T07:15:47.724-0400][29.967s] GC(6) User=0.00s Sys=0.00s Real=0.00s
[2022-10-23T07:15:47.724-0400][29.967s] GC(6) Concurrent Mark 29.040ms
[2022-10-23T07:15:47.724-0400][29.967s] GC(6) Concurrent Rebuild Remembered Sets
[2022-10-23T07:15:47.724-0400][29.977s] GC(6) Concurrent Rebuild Remembered Sets 9.890ms
[2022-10-23T07:15:47.724-0400][29.978s] GC(6) Pause Cleanup
[2022-10-23T07:15:47.724-0400][29.978s] GC(6) Pause Cleanup 34M->34M(512M) 0.201ms
[2022-10-23T07:15:47.724-0400][29.978s] GC(6) User=0.00s Sys=0.00s Real=0.00s
[2022-10-23T07:15:47.724-0400][29.978s] GC(6) Concurrent Cleanup for Next Mark
[2022-10-23T07:15:47.740-0400][29.980s] GC(6) Concurrent Cleanup for Next Mark 1.283ms
[2022-10-23T07:15:47.740-0400][29.980s] GC(6) Concurrent Mark Cycle 49.344ms
