2022-10-23 11:15:24.452 INFO  (main) [] o.e.j.u.log Logging initialized @6686ms to org.eclipse.jetty.util.log.Slf4jLog
2022-10-23 11:15:24.825 INFO  (main) [] o.e.j.s.Server jetty-9.4.44.v20210927; built: 2021-09-27T23:02:44.612Z; git: 8da83308eeca865e495e53ef315a249d63ba9332; jvm 18.0.1.1+2-6
2022-10-23 11:15:25.792 INFO  (main) [] o.a.s.s.CoreContainerProvider Using logger factory org.apache.logging.slf4j.Log4jLoggerFactory
2022-10-23 11:15:25.805 INFO  (main) [] o.a.s.s.CoreContainerProvider  ___      _       Welcome to Apache Solr™ version 9.0.0
2022-10-23 11:15:25.805 INFO  (main) [] o.a.s.s.CoreContainerProvider / __| ___| |_ _   Starting in standalone mode on port 8983
2022-10-23 11:15:25.805 INFO  (main) [] o.a.s.s.CoreContainerProvider \__ \/ _ \ | '_|  Install dir: C:\Users\inaci\Desktop\Une\une\solr-9.0.0
2022-10-23 11:15:25.805 INFO  (main) [] o.a.s.s.CoreContainerProvider |___/\___/_|_|    Start time: 2022-10-23T11:15:25.805132400Z
2022-10-23 11:15:25.815 INFO  (main) [] o.a.s.s.CoreContainerProvider Solr Home: C:\Users\inaci\Desktop\Une\une\solr-9.0.0\server\solr (source: system property: solr.solr.home)
2022-10-23 11:15:25.818 INFO  (main) [] o.a.s.c.SolrXmlConfig Loading solr.xml from C:\Users\inaci\Desktop\Une\une\solr-9.0.0\server\solr\solr.xml
2022-10-23 11:15:27.509 WARN  (main) [] o.a.s.u.StartupLoggingUtils Jetty request logging enabled. Will retain logs for last 3 days. See chapter "Configuring Logging" in reference guide for how to configure.
2022-10-23 11:15:27.526 WARN  (main) [] o.a.s.c.CoreContainer Not all security plugins configured!  authentication=disabled authorization=disabled.  Solr is only as secure as you make it. Consider configuring authentication/authorization before exposing Solr to users internal or external.  See https://s.apache.org/solrsecurity for more info
2022-10-23 11:15:46.068 WARN  (main) [] o.a.s.h.a.SystemInfoHandler Resolving canonical hostname for local host took 18.405 seconds, possible DNS misconfiguration. Set the 'solr.dns.prevent.reverse.lookup'  sysprop to true on startup to prevent future lookups if DNS can not be fixed.
2022-10-23 11:15:46.368 INFO  (main) [] o.a.s.c.CorePropertiesLocator Found 1 core definitions underneath C:\Users\inaci\Desktop\Une\une\solr-9.0.0\server\solr
2022-10-23 11:15:46.369 INFO  (main) [] o.a.s.c.CorePropertiesLocator Cores are: [Une]
2022-10-23 11:15:46.379 INFO  (coreLoadExecutor-10-thread-1) [] o.a.s.c.TransientSolrCoreCacheDefault Allocating transient core cache for max 2147483647 cores with initial capacity of 1024
2022-10-23 11:15:46.477 INFO  (coreLoadExecutor-10-thread-1) [ x:Une] o.a.s.c.SolrConfig Using Lucene MatchVersion: 9.0.0
2022-10-23 11:15:46.634 INFO  (coreLoadExecutor-10-thread-1) [ x:Une] o.a.s.s.IndexSchema Schema name=default-config
2022-10-23 11:15:47.548 INFO  (coreLoadExecutor-10-thread-1) [ x:Une] o.a.s.s.IndexSchema Loaded schema default-config/1.6 with uniqueid field id
2022-10-23 11:15:47.549 INFO  (coreLoadExecutor-10-thread-1) [ x:Une] o.a.s.c.CoreContainer Creating SolrCore 'Une' using configuration from instancedir C:\Users\inaci\Desktop\Une\une\solr-9.0.0\server\solr\Une, trusted=true
2022-10-23 11:15:47.659 INFO  (coreLoadExecutor-10-thread-1) [ x:Une] o.a.s.c.SolrCore Opening new SolrCore at [C:\Users\inaci\Desktop\Une\une\solr-9.0.0\server\solr\Une], dataDir=[C:\Users\inaci\Desktop\Une\une\solr-9.0.0\server\solr\Une\data\]
2022-10-23 11:15:47.707 INFO  (main) [] o.e.j.s.h.ContextHandler Started o.e.j.w.WebAppContext@1eef9aef{/solr,file:///C:/Users/inaci/Desktop/Une/une/solr-9.0.0/server/solr-webapp/webapp/,AVAILABLE}{C:\Users\inaci\Desktop\Une\une\solr-9.0.0\server/solr-webapp/webapp}
2022-10-23 11:15:47.724 INFO  (main) [] o.e.j.s.RequestLogWriter Opened C:\Users\inaci\Desktop\Une\une\solr-9.0.0\server\logs\2022_10_23.request.log
2022-10-23 11:15:47.756 INFO  (main) [] o.e.j.s.AbstractConnector Started ServerConnector@62dae540{HTTP/1.1, (http/1.1, h2c)}{127.0.0.1:8983}
2022-10-23 11:15:47.757 INFO  (main) [] o.e.j.s.Server Started @29995ms
2022-10-23 11:15:48.247 INFO  (qtp1355887174-27) [] o.a.s.s.HttpSolrCall [admin] webapp=null path=/admin/info/system params={wt=json} status=0 QTime=211
2022-10-23 11:16:06.920 WARN  (coreLoadExecutor-10-thread-1) [ x:Une] o.a.s.h.a.SystemInfoHandler Resolving canonical hostname for local host took 18.398 seconds, possible DNS misconfiguration. Set the 'solr.dns.prevent.reverse.lookup'  sysprop to true on startup to prevent future lookups if DNS can not be fixed.
2022-10-23 11:16:07.323 INFO  (coreLoadExecutor-10-thread-1) [ x:Une] o.a.s.u.UpdateHandler Using UpdateLog implementation: org.apache.solr.update.UpdateLog
2022-10-23 11:16:07.323 INFO  (coreLoadExecutor-10-thread-1) [ x:Une] o.a.s.u.UpdateLog Initializing UpdateLog: dataDir= defaultSyncLevel=FLUSH numRecordsToKeep=100 maxNumLogsToKeep=10 numVersionBuckets=65536
2022-10-23 11:16:07.366 INFO  (coreLoadExecutor-10-thread-1) [ x:Une] o.a.s.u.CommitTracker Hard AutoCommit: if uncommitted for 15000ms; 
2022-10-23 11:16:07.366 INFO  (coreLoadExecutor-10-thread-1) [ x:Une] o.a.s.u.CommitTracker Soft AutoCommit: disabled
2022-10-23 11:16:07.976 INFO  (coreLoadExecutor-10-thread-1) [ x:Une] o.a.s.r.ManagedResourceStorage File-based storage initialized to use dir: C:\Users\inaci\Desktop\Une\une\solr-9.0.0\server\solr\Une\conf
2022-10-23 11:16:08.020 INFO  (coreLoadExecutor-10-thread-1) [ x:Une] o.a.s.s.DirectSolrSpellChecker init: {accuracy=0.5, maxQueryFrequency=0.01, maxEdits=2, minPrefix=1, maxInspections=5, minQueryLength=4, name=default, field=_text_, classname=solr.DirectSolrSpellChecker, distanceMeasure=internal}
2022-10-23 11:16:08.052 INFO  (coreLoadExecutor-10-thread-1) [ x:Une] o.a.s.h.ReplicationHandler Commits will be reserved for 10000 ms
2022-10-23 11:16:08.085 INFO  (searcherExecutor-12-thread-1-processing-Une) [ x:Une] o.a.s.c.QuerySenderListener QuerySenderListener done.
2022-10-23 11:16:08.085 INFO  (searcherExecutor-12-thread-1-processing-Une) [ x:Une] o.a.s.h.c.SpellCheckComponent Loading spell index for spellchecker: default
2022-10-23 11:16:08.124 INFO  (searcherExecutor-12-thread-1-processing-Une) [ x:Une] o.a.s.c.SolrCore Registered new searcher autowarm time: 0 ms
2022-10-23 11:23:12.283 INFO  (qtp1355887174-22) [] o.a.s.s.HttpSolrCall [admin] webapp=null path=/admin/cores params={indexInfo=false&wt=json&_=1666524192118} status=0 QTime=86
2022-10-23 11:23:12.537 INFO  (qtp1355887174-21) [] o.a.s.s.HttpSolrCall [admin] webapp=null path=/admin/info/system params={wt=json&_=1666524192119} status=0 QTime=345
2022-10-23 11:23:12.801 INFO  (qtp1355887174-26) [] o.a.s.s.HttpSolrCall [admin] webapp=null path=/admin/info/system params={wt=json&_=1666524192119} status=0 QTime=254
2022-10-23 11:33:57.007 INFO  (qtp1355887174-44) [ x:Une] o.a.s.s.f.UnInvertedField UnInverted multi-valued field {field=institution,memSize=4624,tindexSize=46,time=113,phase1=113,nTerms=3,bigTerms=3,termInstances=0,uses=0}
2022-10-23 11:33:57.173 INFO  (qtp1355887174-44) [ x:Une] o.a.s.s.f.UnInvertedField UnInverted multi-valued field {field=marc260c,memSize=5896,tindexSize=44,time=5,phase1=5,nTerms=69,bigTerms=1,termInstances=338,uses=0}
2022-10-23 11:33:57.184 INFO  (qtp1355887174-44) [ x:Une] o.a.s.s.f.UnInvertedField UnInverted multi-valued field {field=marc990a,memSize=6098,tindexSize=47,time=2,phase1=2,nTerms=7,bigTerms=3,termInstances=13,uses=0}
2022-10-23 11:33:57.192 INFO  (qtp1355887174-44) [ x:Une] o.a.s.c.S.Request webapp=/solr path=/select params={q=*:*&json.facet={"institution":{"field":"institution"},"subject":{"field":"marc650a_str"},"author":{"field":"marc100a_str"},"year":{"field":"marc260c"},"type":{"field":"marc990a"}}&json={"filter":[]}&facet=true&wt=json} hits=367 status=0 QTime=1356
2022-10-23 11:33:57.335 INFO  (qtp1355887174-44) [ x:Une] o.a.s.c.S.Request webapp=/solr path=/select params={q=*:*&json.facet={"institution":{"field":"institution"},"subject":{"field":"marc650a_str"},"author":{"field":"marc100a_str"},"year":{"field":"marc260c"},"type":{"field":"marc990a"}}&json={"filter":[]}&facet=true&wt=json} hits=367 status=0 QTime=9
2022-10-23 11:46:37.815 INFO  (qtp1355887174-44) [ x:Une] o.a.s.c.S.Request webapp=/solr path=/select params={q=*:*&json.facet={"institution":{"field":"institution"},"subject":{"field":"marc650a_str"},"author":{"field":"marc100a_str"},"year":{"field":"marc260c"},"type":{"field":"marc990a"}}&json={"filter":[]}&facet=true&wt=json} hits=367 status=0 QTime=198
2022-10-23 11:47:57.956 INFO  (qtp1355887174-23) [ x:Une] o.a.s.c.S.Request webapp=/solr path=/select params={q=*:*&json.facet={"institution":{"field":"institution"},"subject":{"field":"marc650a_str"},"author":{"field":"marc100a_str"},"year":{"field":"marc260c"},"type":{"field":"marc990a"}}&json={"filter":["institution:mcti"]}&facet=true&wt=json} hits=128 status=0 QTime=298
2022-10-23 11:58:37.920 INFO  (qtp1355887174-22) [ x:Une] o.a.s.c.S.Request webapp=/solr path=/select params={q=*:*&json.facet={"institution":{"field":"institution"},"subject":{"field":"marc650a_str"},"author":{"field":"marc100a_str"},"year":{"field":"marc260c"},"type":{"field":"marc990a"}}&json={"filter":[]}&facet=true&wt=json} hits=367 status=0 QTime=114
2022-10-23 11:58:37.957 INFO  (qtp1355887174-22) [ x:Une] o.a.s.c.S.Request webapp=/solr path=/select params={q=*:*&json.facet={"institution":{"field":"institution"},"subject":{"field":"marc650a_str"},"author":{"field":"marc100a_str"},"year":{"field":"marc260c"},"type":{"field":"marc990a"}}&json={"filter":[]}&facet=true&wt=json} hits=367 status=0 QTime=4
2022-10-23 11:58:44.513 INFO  (qtp1355887174-47) [ x:Une] o.a.s.c.S.Request webapp=/solr path=/select params={q=*:*&json.facet={"institution":{"field":"institution"},"subject":{"field":"marc650a_str"},"author":{"field":"marc100a_str"},"year":{"field":"marc260c"},"type":{"field":"marc990a"}}&json={"filter":["institution:goeldi"]}&facet=true&wt=json} hits=42 status=0 QTime=20
2022-10-23 11:59:55.372 INFO  (qtp1355887174-20) [ x:Une] o.a.s.c.S.Request webapp=/solr path=/select params={q=*:*&json.facet={"institution":{"field":"institution"},"subject":{"field":"marc650a_str"},"author":{"field":"marc100a_str"},"year":{"field":"marc260c"},"type":{"field":"marc990a"}}&json={"filter":[]}&facet=true&wt=json} hits=367 status=0 QTime=12
2022-10-23 12:01:19.216 INFO  (qtp1355887174-49) [ x:Une] o.a.s.c.S.Request webapp=/solr path=/select params={q=*:*&json.facet={"institution":{"field":"institution"},"subject":{"field":"marc650a_str"},"author":{"field":"marc100a_str"},"year":{"field":"marc260c"},"type":{"field":"marc990a"}}&json={"filter":[]}&facet=true&wt=json} hits=367 status=0 QTime=9
2022-10-23 12:01:19.291 INFO  (qtp1355887174-49) [ x:Une] o.a.s.c.S.Request webapp=/solr path=/select params={q=*:*&json.facet={"institution":{"field":"institution"},"subject":{"field":"marc650a_str"},"author":{"field":"marc100a_str"},"year":{"field":"marc260c"},"type":{"field":"marc990a"}}&json={"filter":[]}&facet=true&wt=json} hits=367 status=0 QTime=14
2022-10-23 12:01:33.991 INFO  (qtp1355887174-23) [ x:Une] o.a.s.c.S.Request webapp=/solr path=/select params={q=*:*&json.facet={"institution":{"field":"institution"},"subject":{"field":"marc650a_str"},"author":{"field":"marc100a_str"},"year":{"field":"marc260c"},"type":{"field":"marc990a"}}&json={"filter":[]}&facet=true&wt=json} hits=367 status=0 QTime=8
2022-10-23 12:01:53.215 INFO  (qtp1355887174-50) [ x:Une] o.a.s.c.S.Request webapp=/solr path=/select params={q=*:*&json.facet={"institution":{"field":"institution"},"subject":{"field":"marc650a_str"},"author":{"field":"marc100a_str"},"year":{"field":"marc260c"},"type":{"field":"marc990a"}}&json={"filter":[]}&facet=true&wt=json} hits=367 status=0 QTime=13
2022-10-23 12:01:53.225 INFO  (qtp1355887174-23) [ x:Une] o.a.s.c.S.Request webapp=/solr path=/select params={q=*:*&json.facet={"institution":{"field":"institution"},"subject":{"field":"marc650a_str"},"author":{"field":"marc100a_str"},"year":{"field":"marc260c"},"type":{"field":"marc990a"}}&json={"filter":[]}&facet=true&wt=json} hits=367 status=0 QTime=3
